The system is: Windows - 10.0.19044 - AMD64
Compiling the C compiler identification source file "CMakeCCompilerId.c" succeeded.
Compiler: D:/Program Files/VisualStudio/VC/Tools/MSVC/14.35.32215/bin/Hostx64/x64/cl.exe 
Build flags: 
Id flags:  

The output was:
0
Оптимизирующий компилятор Microsoft (R) C/C++ версии 19.35.32215 для x64
(C) Корпорация Майкрософт (Microsoft Corporation).  Все права защищены.

CMakeCCompilerId.c
Microsoft (R) Incremental Linker Version 14.35.32215.0
Copyright (C) Microsoft Corporation.  All rights reserved.

/out:CMakeCCompilerId.exe 
CMakeCCompilerId.obj 


Compilation of the C compiler identification source "CMakeCCompilerId.c" produced "CMakeCCompilerId.exe"

Compilation of the C compiler identification source "CMakeCCompilerId.c" produced "CMakeCCompilerId.obj"

The C compiler identification is MSVC, found in "D:/VisualProjects/Rational/out/build/x64-debug/CMakeFiles/3.25.1-msvc1/CompilerIdC/CMakeCCompilerId.exe"

Compiling the CXX compiler identification source file "CMakeCXXCompilerId.cpp" succeeded.
Compiler: D:/Program Files/VisualStudio/VC/Tools/MSVC/14.35.32215/bin/Hostx64/x64/cl.exe 
Build flags: 
Id flags:  

The output was:
0
Оптимизирующий компилятор Microsoft (R) C/C++ версии 19.35.32215 для x64
(C) Корпорация Майкрософт (Microsoft Corporation).  Все права защищены.

CMakeCXXCompilerId.cpp
Microsoft (R) Incremental Linker Version 14.35.32215.0
Copyright (C) Microsoft Corporation.  All rights reserved.

/out:CMakeCXXCompilerId.exe 
CMakeCXXCompilerId.obj 


Compilation of the CXX compiler identification source "CMakeCXXCompilerId.cpp" produced "CMakeCXXCompilerId.exe"

Compilation of the CXX compiler identification source "CMakeCXXCompilerId.cpp" produced "CMakeCXXCompilerId.obj"

The CXX compiler identification is MSVC, found in "D:/VisualProjects/Rational/out/build/x64-debug/CMakeFiles/3.25.1-msvc1/CompilerIdCXX/CMakeCXXCompilerId.exe"

Detecting C compiler ABI info compiled with the following output:
Change Dir: D:/VisualProjects/Rational/out/build/x64-debug/CMakeFiles/CMakeScratch/TryCompile-z9if9j

Run Build Command(s):D:/Program Files/VisualStudio/Common7/IDE/CommonExtensions/Microsoft/CMake/Ninja/ninja.exe cmTC_44763 && [1/2] Building C object CMakeFiles\cmTC_44763.dir\CMakeCCompilerABI.c.obj
[2/2] Linking C executable cmTC_44763.exe



Detecting CXX compiler ABI info compiled with the following output:
Change Dir: D:/VisualProjects/Rational/out/build/x64-debug/CMakeFiles/CMakeScratch/TryCompile-w13kwi

Run Build Command(s):D:/Program Files/VisualStudio/Common7/IDE/CommonExtensions/Microsoft/CMake/Ninja/ninja.exe cmTC_b5f25 && [1/2] Building CXX object CMakeFiles\cmTC_b5f25.dir\CMakeCXXCompilerABI.cpp.obj
[2/2] Linking CXX executable cmTC_b5f25.exe



